<?xml version="1.0" encoding="UTF-8"?>
<testng-results skipped="0" failed="0" ignored="0" total="1" passed="1">
  <reporter-output>
  </reporter-output>
  <suite name="Default suite" duration-ms="30" started-at="2017-05-11T22:44:02Z" finished-at="2017-05-11T22:44:02Z">
    <groups>
    </groups>
    <test name="Default test" duration-ms="30" started-at="2017-05-11T22:44:02Z" finished-at="2017-05-11T22:44:02Z">
      <class name="core.NewTest">
        <test-method status="PASS" signature="test()[pri:0, instance:core.NewTest@6ea12c19]" name="test" duration-ms="13" started-at="2017-05-11T15:44:02Z" finished-at="2017-05-11T15:44:02Z">
          <reporter-output>
          </reporter-output>
        </test-method> <!-- test -->
      </class> <!-- core.NewTest -->
    </test> <!-- Default test -->
  </suite> <!-- Default suite -->
</testng-results>
